== Daisy Backup 시작 ==
Date: 2026-03-11  Host: ubuntu-8gb-nbg1-4  DOW: 3
Backup dir: /home/paulo/projeto_daisy/backups

[1/5] SQLite backup (daily) ...
SQLite integrity_check ...
ok
-rw------- 1 paulo paulo 176K Mar 11 03:17 /home/paulo/projeto_daisy/backups/daisy_sqlite_2026-03-11.db

[2/5] Weekly items (Postgres + filesystem) ...
Not Sunday -> skipping weekly backups.

[3/5] Retention policy ...
SQLite: delete > 30 days
Postgres/filesystem: delete > 84 days (12 weeks)

[4/5] Recent backups summary:
-rw------- 1 paulo paulo  20M Mar  8 03:17 daisy_filesystem_2026-03-08.tar.gz
-rw------- 1 paulo paulo  135 Mar  8 03:17 daisy_filesystem_2026-03-08.tar.gz.sha256
-rw-rw-r-- 1 paulo paulo  37K Mar 10 22:17 daisy_manual_backup_2026-03-10_2217.tar.gz
-rw-rw-r-- 1 paulo paulo  37K Mar 10 22:12 daisy_manual_backup_2026-03-10.tar.gz
-rw-rw-r-- 1 paulo paulo 5.8K Mar  4 14:55 daisy_postgres_2026-03-04.sql
-rw------- 1 paulo paulo  37K Mar  8 03:17 daisy_postgres_2026-03-08.sql
-rw------- 1 paulo paulo  130 Mar  8 03:17 daisy_postgres_2026-03-08.sql.sha256
-rw-r--r-- 1 paulo paulo  92K Feb 27 17:09 daisy_pre_pdf01_2026-02-28_2044.db
-rw-r--r-- 1 paulo paulo 112K Mar  4 15:24 daisy_sqlite_2026-03-04.db
-rw------- 1 paulo paulo  127 Mar  4 15:24 daisy_sqlite_2026-03-04.db.sha256
-rw------- 1 paulo paulo 112K Mar  5 03:17 daisy_sqlite_2026-03-05.db
-rw------- 1 paulo paulo  127 Mar  5 03:17 daisy_sqlite_2026-03-05.db.sha256
-rw------- 1 paulo paulo 112K Mar  6 03:17 daisy_sqlite_2026-03-06.db
-rw------- 1 paulo paulo  127 Mar  6 03:17 daisy_sqlite_2026-03-06.db.sha256
-rw------- 1 paulo paulo 112K Mar  7 16:17 daisy_sqlite_2026-03-07.db
-rw------- 1 paulo paulo  127 Mar  7 16:17 daisy_sqlite_2026-03-07.db.sha256
-rw------- 1 paulo paulo 112K Mar  8 03:17 daisy_sqlite_2026-03-08.db
-rw------- 1 paulo paulo  127 Mar  8 03:17 daisy_sqlite_2026-03-08.db.sha256
-rw------- 1 paulo paulo 112K Mar  9 03:17 daisy_sqlite_2026-03-09.db
-rw------- 1 paulo paulo  127 Mar  9 03:17 daisy_sqlite_2026-03-09.db.sha256
-rw------- 1 paulo paulo 176K Mar 10 03:17 daisy_sqlite_2026-03-10.db
-rw------- 1 paulo paulo  127 Mar 10 03:17 daisy_sqlite_2026-03-10.db.sha256
-rw------- 1 paulo paulo 176K Mar 11 03:17 daisy_sqlite_2026-03-11.db
-rw------- 1 paulo paulo  127 Mar 11 03:17 daisy_sqlite_2026-03-11.db.sha256
-rw-r--r-- 1 paulo paulo 112K Mar  8 17:25 daisy_sqlite_manual_2026-03-08_1725.db

[5/5] Done.
Log: /home/paulo/projeto_daisy/logs/backup/backup_2026-03-11_ubuntu-8gb-nbg1-4.log
